-------------------------------------------------------------------------------
Test set: com.binde.tailorapplication.TailorApplicationTests
-------------------------------------------------------------------------------
Tests run: 1, Failures: 0, Errors: 1, Skipped: 0, Time elapsed: 2.099 s <<< FAILURE! - in com.binde.tailorapplication.TailorApplicationTests
contextLoads  Time elapsed: 0.098 s  <<< ERROR!
java.lang.NoClassDefFoundError: javax/servlet/SessionCookieConfig
Caused by: java.lang.ClassNotFoundException: javax.servlet.SessionCookieConfig

